make all --print-data-base --no-builtin-variables --no-builtin-rules --question
# GNU Make 3.81
# Copyright (C) 2006  Free Software Foundation, Inc.
# This is free software; see the source for copying conditions.
# There is NO warranty; not even for MERCHANTABILITY or FITNESS FOR A
# PARTICULAR PURPOSE.

# This program built for i386-apple-darwin11.3.0
 

# Make data base, printed on Thu Aug 11 12:59:48 2022

# Variables

# environment
VSCODE_GIT_ASKPASS_MAIN = /Applications/Visual Studio Code.app/Contents/Resources/app/extensions/git/dist/askpass-main.js
# automatic
<D = $(patsubst %/,%,$(dir $<))
# automatic
?F = $(notdir $?)
# environment
ELECTRON_NO_ATTACH_CONSOLE = 1
# environment
LC_CTYPE = UTF-8
# automatic
?D = $(patsubst %/,%,$(dir $?))
# automatic
@D = $(patsubst %/,%,$(dir $@))
# automatic
@F = $(notdir $@)
# makefile
 
CURDIR := /Users/udipeled/Fireblocks/Dev/asymmetric_offline_cmp
# makefile
SHELL = /bin/sh
# environment
VSCODE_NLS_CONFIG = {"locale":"en-us","availableLanguages":{},"_languagePackSupport":true}
# environment
_ = /usr/bin/make
# makefile (from `Makefile', line 1)
App_C_Flags := -O2 -Wall -Wextra -Wvla -Wno-unknown-pragmas -Wno-deprecated-declarations -I. -Wno-format
# makefile (from `Makefile', line 1)
MAKEFILE_LIST :=  Makefile
# environment
VSCODE_INJECTION = 1
# environment
__CFBundleIdentifier = com.microsoft.VSCode
# environment
VSCODE_CWD = /Users/udipeled/Fireblocks/Dev
# environment
PATH = /Users/udipeled/Fireblocks/Dev/DevConnect/nile-cairo-examples/env/bin:/usr/local/opt/openssl@3/bin:/usr/local/opt/openssl@3/bin:/usr/local/bin:/usr/bin:/bin:/usr/sbin:/sbin:/usr/local/opt/openssl@3/bin:/Users/udipeled/.cargo/bin
# environment
VIRTUAL_ENV = /Users/udipeled/Fireblocks/Dev/DevConnect/nile-cairo-examples/env
# environment
ZDOTDIR = /var/folders/hl/2td8sjd175q0q53b_t8dzwbh0000gn/T/vscode-zsh
# environment
LaunchInstanceID = 813049FA-AE13-40D1-AA0C-6743B8C8A02A
# environment
ELECTRON_RUN_AS_NODE = 1
# default
.FEATURES := target-specific order-only second-expansion else-if archives jobserver check-symlink
# makefile (from `Makefile', line 2)
App_Link_Flags := -O2 -Wall -Wextra -Wvla -Wno-unknown-pragmas -Wno-deprecated-declarations -I. -Wno-format -lssl -lcrypto -pthread -I/usr/local/opt/openssl/include -L/usr/local/opt/openssl/lib
# environment
SSH_AUTH_SOCK = /private/tmp/com.apple.launchd.QfAUJiewxG/Listeners
# automatic
%F = $(notdir $%)
# environment
PWD = /Users/udipeled/Fireblocks/Dev/asymmetric_offline_cmp
# environment
ORIGINAL_XDG_CURRENT_DESKTOP = undefined
# environment
VSCODE_AMD_ENTRYPOINT = vs/workbench/api/node/extensionHostProcess
# environment
HOME = /Users/udipeled
# default
MAKEFILEPATH = $(shell /usr/bin/xcode-select -print-path 2>/dev/null || echo /Developer)/Makefiles
# environment
VSCODE_CLI = 1
# environment
VSCODE_CODE_CACHE_PATH = /Users/udipeled/Library/Application Support/Code/CachedData/da76f93349a72022ca4670c1b84860304616aaa2
# environment
LOGNAME = udipeled
# environment
APPLICATION_INSIGHTS_NO_DIAGNOSTIC_CHANNEL = true
# environment
VSCODE_HANDLES_UNCAUGHT_ERRORS = true
# automatic
^D = $(patsubst %/,%,$(dir $^))
# environment
MAKELEVEL := 0
# environment
XPC_FLAGS = 0x0
# environment
COLORTERM = truecolor
# default
MAKE = $(MAKE_COMMAND)
# default
MAKECMDGOALS := all
# environment
SHLVL = 5
# makefile (from `Makefile', line 8)
protocol_phases := asymoff_key_generation.o asymoff_lightweight_presigning.o asymoff_presigning.o asymoff_signing_cmp.o asymoff_signing_aggregate.o
# default
MAKE_VERSION := 3.81
# environment
USER = udipeled
# makefile
.DEFAULT_GOAL := all
# environment
TERM_SESSION_ID = DA06E25D-C8F0-470C-8CEC-C97177B0CC8A
# automatic
%D = $(patsubst %/,%,$(dir $%))
# default
MAKE_COMMAND := /Library/Developer/CommandLineTools/usr/bin/make
# environment
VSCODE_GIT_ASKPASS_EXTRA_ARGS = --ms-enable-electron-run-as-node
# environment
TERM_PROGRAM = vscode
# default
.VARIABLES := 
# environment
TMPDIR = /var/folders/hl/2td8sjd175q0q53b_t8dzwbh0000gn/T/
# automatic
*F = $(notdir $*)
# environment
VSCODE_IPC_HOOK = /Users/udipeled/Library/Application Support/Code/1.70.0-main.sock
# environment
VSCODE_GIT_ASKPASS_NODE = /Applications/Visual Studio Code.app/Contents/Frameworks/Code Helper.app/Contents/MacOS/Code Helper
# environment
MallocNanoZone = 0
# makefile
MAKEFLAGS = Rrqp
# environment
MFLAGS = -Rrqp
# automatic
*D = $(patsubst %/,%,$(dir $*))
# environment
TERM_PROGRAM_VERSION = 1.70.0
# makefile (from `Makefile', line 6)
primitives := algebraic_elements.o paillier_cryptosystem.o ring_pedersen_parameters.o  zkp_common.o zkp_paillier_blum_modulus.o zkp_ring_pedersen_param.o zkp_schnorr.o zkp_no_small_factors.o zkp_tight_range.o zkp_range_el_gamal_commitment.o zkp_el_gamal.o zkp_el_gamal_dlog.o zkp_double_el_gamal.o zkp_operation_group_commitment_range.o zkp_well_formed_signature.o
# environment
XPC_SERVICE_NAME = application.com.microsoft.VSCode.15895216.15895222.AED89283-538E-45F7-9DC9-0FE14F30D1B5
# automatic
+D = $(patsubst %/,%,$(dir $+))
# automatic
+F = $(notdir $+)
# environment
__CF_USER_TEXT_ENCODING = 0x1F5:0x0:0x0
# environment
COMMAND_MODE = unix2003
# environment
 
GIT_ASKPASS = /Applications/Visual Studio Code.app/Contents/Resources/app/extensions/git/dist/askpass.sh
# default
MAKEFILES := 
# automatic
<F = $(notdir $<)
# environment
LC_ALL = C
# environment
SECURITYSESSIONID = 186c3
# automatic
^F = $(notdir $^)
# default
SUFFIXES := 
# default
.INCLUDE_DIRS = /usr/local/include
# environment
VSCODE_GIT_IPC_HANDLE = /var/folders/hl/2td8sjd175q0q53b_t8dzwbh0000gn/T/vscode-git-35951009c8.sock
# environment
LANG = C
# environment
TERM = xterm-256color
# environment
VSCODE_PID = 92382
# variable set hash-table stats:
# Load=80/1024=8%, Rehash=0, Collisions=3/113=3%

# Pattern-specific Variable Values

# No pattern-specific variable values.

# Directories

# . (device 16777224, inode 11665604): 89 files, no impossibilities.

# 89 files, no impossibilities in 1 directories.

# Implicit Rules

# No implicit rules.

# Files

# Not a target:
asymoff_lightweight_presigning.c:
#  Implicit rule search has been done.
#  Last modified 2022-08-07 17:10:34
#  File has been updated.
#  Successfully updated.
# variable set hash-table stats:
# Load=0/32=0%, Rehash=0, Collisions=0/0=0%

# Not a target:
algebraic_elements.h:
#  Implicit rule search has been done.
#  Last modified 2022-08-04 11:17:49
#  File has been updated.
#  Successfully updated.
# variable set hash-table stats:
# Load=0/32=0%, Rehash=0, Collisions=0/0=0%

zkp_range_el_gamal_commitment.o: zkp_range_el_gamal_commitment.c zkp_range_el_gamal_commitment.h zkp_common.o
#  Implicit rule search has not been done.
#  Last modified 2022-08-11 12:59:24
#  File has been updated.
#  Successfully updated.
# variable set hash-table stats:
# Load=0/32=0%, Rehash=0, Collisions=0/0=0%
#  commands to execute (from `Makefile', line 71):
	@$(CC) $(App_C_Flags) -c $< -o $@
	@echo "CC   <=  $<"
	

# Not a target:
zkp_paillier_blum_modulus.h:
#  Implicit rule search has been done.
#  Last modified 2022-07-05 12:31:27
#  File has been updated.
#  Successfully updated.
# variable set hash-table stats:
# Load=0/32=0%, Rehash=0, Collisions=0/0=0%

all: benchmark
#  Command-line target.
#  Implicit rule search has been done.
#  File does not exist.
#  File has been updated.
#  Successfully updated.
# variable set hash-table stats:
# Load=0/32=0%, Rehash=0, Collisions=0/0=0%

 
# Not a target:
zkp_tight_range.c:
#  Implicit rule search has been done.
#  Last modified 2022-08-07 07:26:17
#  File has been updated.
#  Successfully updated.
# variable set hash-table stats:
# Load=0/32=0%, Rehash=0, Collisions=0/0=0%

common.o: common.c common.h
#  Implicit rule search has not been done.
#  Last modified 2022-08-11 12:59:21
#  File has been updated.
#  Successfully updated.
# variable set hash-table stats:
# Load=0/32=0%, Rehash=0, Collisions=0/0=0%
#  commands to execute (from `Makefile', line 19):
	@$(CC) $(App_C_Flags) -c $< -o $@
	@echo "CC   <=  $<"
	

# Not a target:
asymoff_signing_cmp.h:
#  Implicit rule search has been done.
#  Last modified 2022-08-04 09:54:20
#  File has been updated.
#  Successfully updated.
# variable set hash-table stats:
# Load=0/32=0%, Rehash=0, Collisions=0/0=0%

# Not a target:
asymoff_lightweight_presigning.h:
#  Implicit rule search has been done.
#  Last modified 2022-08-07 08:59:28
#  File has been updated.
#  Successfully updated.
# variable set hash-table stats:
# Load=0/32=0%, Rehash=0, Collisions=0/0=0%

# Not a target:
asymoff_protocol.c:
#  Implicit rule search has been done.
#  Last modified 2022-08-07 04:26:23
#  File has been updated.
#  Successfully updated.
# variable set hash-table stats:
# Load=0/32=0%, Rehash=0, Collisions=0/0=0%

# Not a target:
zkp_el_gamal_dlog.c:
#  Implicit rule search has been done.
#  Last modified 2022-08-07 08:10:37
#  File has been updated.
#  Successfully updated.
# variable set hash-table stats:
# Load=0/32=0%, Rehash=0, Collisions=0/0=0%

asymoff_key_generation.o: asymoff_key_generation.c asymoff_key_generation.h asymoff_protocol.o algebraic_elements.o paillier_cryptosystem.o ring_pedersen_parameters.o zkp_common.o zkp_paillier_blum_modulus.o zkp_ring_pedersen_param.o zkp_schnorr.o zkp_no_small_factors.o zkp_tight_range.o zkp_range_el_gamal_commitment.o zkp_el_gamal.o zkp_el_gamal_dlog.o zkp_double_el_gamal.o zkp_operation_group_commitment_range.o zkp_well_formed_signature.o
#  Implicit rule search has not been done.
#  Last modified 2022-08-11 12:59:26
#  File has been updated.
#  Successfully updated.
# variable set hash-table stats:
# Load=0/32=0%, Rehash=0, Collisions=0/0=0%
#  commands to execute (from `Makefile', line 96):
	@$(CC) $(App_C_Flags) -c $< -o $@
	@echo "CC   <=  $<"
	

# Not a target:
ring_pedersen_parameters.c:
#  Implicit rule search has been done.
#  Last modified 2022-08-04 06:32:09
#  File has been updated.
#  Successfully updated.
# variable set hash-table stats:
# Load=0/32=0%, Rehash=0, Collisions=0/0=0%

# Not a target:
tests.o:
#  Implicit rule search has not been done.
#  Modification time never checked.
#  File has not been updated.

paillier_cryptosystem.o: paillier_cryptosystem.c paillier_cryptosystem.h algebraic_elements.o
#  Implicit rule search has not been done.
#  Last modified 2022-08-11 12:59:22
#  File has been updated.
#  Successfully updated.
# variable set hash-table stats:
# Load=0/32=0%, Rehash=0, Collisions=0/0=0%
#  commands to execute (from `Makefile', line 27):
	@$(CC) $(App_C_Flags) -c $< -o $@
	@echo "CC   <=  $<"
	

# Not a target:
zkp_well_formed_signature.c:
#  Implicit rule search has been done.
#  Last modified 2022-08-07 07:33:33
#  File has been updated.
#  Successfully updated.
# variable set hash-table stats:
# Load=0/32=0%, Rehash=0, Collisions=0/0=0%

# Not a target:
zkp_tight_range.h:
#  Implicit rule search has been done.
#  Last modified 2022-08-04 08:26:29
#  File has been updated.
#  Successfully updated.
# variable set hash-table stats:
# Load=0/32=0%, Rehash=0, Collisions=0/0=0%

zkp_double_el_gamal.o: zkp_double_el_gamal.c zkp_double_el_gamal.h zkp_common.o
#  Implicit rule search has not been done.
#  Last modified 2022-08-11 12:59:25
#  File has been updated.
#  Successfully updated.
# variable set hash-table stats:
# Load=0/32=0%, Rehash=0, Collisions=0/0=0%
#  commands to execute (from `Makefile', line 83):
	@$(CC) $(App_C_Flags) -c $< -o $@
	@echo "CC   <=  $<"
	

# Not a target:
.SUFFIXES:
#  Implicit rule search has not been done.
#  Modification time never checked.
#  File has not been updated.

# Not a target:
Makefile:
#  Implicit rule search has been done.
#  Last modified 2022-08-11 12:59:12
#  File has been updated.
#  Successfully updated.
# variable set hash-table stats:
# Load=0/32=0%, Rehash=0, Collisions=0/0=0%

# Not a target:
zkp_no_small_factors.c:
#  Implicit rule search has been done.
 
#  Last modified 2022-08-04 06:36:56
#  File has been updated.
#  Successfully updated.
# variable set hash-table stats:
# Load=0/32=0%, Rehash=0, Collisions=0/0=0%

# Not a target:
asymoff_presigning.c:
#  Implicit rule search has been done.
#  Last modified 2022-08-07 08:37:40
#  File has been updated.
#  Successfully updated.
# variable set hash-table stats:
# Load=0/32=0%, Rehash=0, Collisions=0/0=0%

# Not a target:
zkp_common.c:
#  Implicit rule search has been done.
#  Last modified 2022-08-09 11:41:05
#  File has been updated.
#  Successfully updated.
# variable set hash-table stats:
# Load=0/32=0%, Rehash=0, Collisions=0/0=0%

# Not a target:
asymoff_protocol.h:
#  Implicit rule search has been done.
#  Last modified 2022-08-04 08:21:42
#  File has been updated.
#  Successfully updated.
# variable set hash-table stats:
# Load=0/32=0%, Rehash=0, Collisions=0/0=0%

# Not a target:
zkp_el_gamal_dlog.h:
#  Implicit rule search has been done.
#  Last modified 2022-08-07 07:26:17
#  File has been updated.
#  Successfully updated.
# variable set hash-table stats:
# Load=0/32=0%, Rehash=0, Collisions=0/0=0%

# Not a target:
zkp_group_vs_paillier_range.c:
#  Implicit rule search has not been done.
#  Modification time never checked.
#  File has not been updated.

# Not a target:
ring_pedersen_parameters.h:
#  Implicit rule search has been done.
#  Last modified 2022-08-09 11:41:27
#  File has been updated.
#  Successfully updated.
# variable set hash-table stats:
# Load=0/32=0%, Rehash=0, Collisions=0/0=0%

# Not a target:
zkp_schnorr.c:
#  Implicit rule search has been done.
#  Last modified 2022-08-07 07:26:17
#  File has been updated.
#  Successfully updated.
# variable set hash-table stats:
# Load=0/32=0%, Rehash=0, Collisions=0/0=0%

cmp_protocol.o: cmp_protocol.c cmp_protocol.h common.o primitives
#  Implicit rule search has not been done.
#  Modification time never checked.
#  File has not been updated.
#  commands to execute (from `Makefile', line 15):
	@$(CC) $(App_C_Flags) -c $< -o $@
	@echo "CC   <=  $<"
	

zkp_encryption_in_range.o: zkp_encryption_in_range.c zkp_encryption_in_range.h zkp_common.o
#  Implicit rule search has not been done.
#  Modification time never checked.
#  File has not been updated.
#  commands to execute (from `Makefile', line 51):
	@$(CC) $(App_C_Flags) -c $< -o $@
	@echo "CC   <=  $<"
	

 
benchmark: benchmark.c common.o asymoff_protocol.o asymoff_key_generation.o asymoff_lightweight_presigning.o asymoff_presigning.o asymoff_signing_cmp.o asymoff_signing_aggregate.o algebraic_elements.o paillier_cryptosystem.o ring_pedersen_parameters.o zkp_common.o zkp_paillier_blum_modulus.o zkp_ring_pedersen_param.o zkp_schnorr.o zkp_no_small_factors.o zkp_tight_range.o zkp_range_el_gamal_commitment.o zkp_el_gamal.o zkp_el_gamal_dlog.o zkp_double_el_gamal.o zkp_operation_group_commitment_range.o zkp_well_formed_signature.o
#  Implicit rule search has not been done.
#  Last modified 2022-08-11 12:59:29
#  File has been updated.
#  Successfully updated.
# variable set hash-table stats:
# Load=0/32=0%, Rehash=0, Collisions=0/0=0%
#  commands to execute (from `Makefile', line 117):
	@${CC} $^ -o $@ $(App_Link_Flags)
	@echo "${CC} =>  $@"
	

benchmark.o: benchmark.c common.o tests.o primitives
#  Implicit rule search has not been done.
#  Modification time never checked.
#  File has not been updated.
#  commands to execute (from `Makefile', line 11):
	@$(CC) $(App_C_Flags) -c $< -o $@
	@echo "CC   <=  $<"
	

zkp_operation_group_commitment_range.o: zkp_operation_group_commitment_range.c zkp_operation_group_commitment_range.h zkp_common.o
#  Implicit rule search has not been done.
#  Last modified 2022-08-11 12:59:25
#  File has been updated.
#  Successfully updated.
# variable set hash-table stats:
# Load=0/32=0%, Rehash=0, Collisions=0/0=0%
#  commands to execute (from `Makefile', line 67):
	@$(CC) $(App_C_Flags) -c $< -o $@
	@echo "CC   <=  $<"
	

# Not a target:
zkp_range_el_gamal_commitment.c:
#  Implicit rule search has been done.
#  Last modified 2022-08-07 07:26:17
#  File has been updated.
#  Successfully updated.
# variable set hash-table stats:
# Load=0/32=0%, Rehash=0, Collisions=0/0=0%

# Not a target:
zkp_well_formed_signature.h:
#  Implicit rule search has been done.
#  Last modified 2022-08-07 07:26:17
#  File has been updated.
#  Successfully updated.
# variable set hash-table stats:
# Load=0/32=0%, Rehash=0, Collisions=0/0=0%

# Not a target:
asymoff_signing_aggregate.h:
#  Implicit rule search has been done.
#  Last modified 2022-08-07 10:55:39
#  File has been updated.
#  Successfully updated.
# variable set hash-table stats:
# Load=0/32=0%, Rehash=0, Collisions=0/0=0%

zkp_ring_pedersen_param.o: zkp_ring_pedersen_param.c zkp_ring_pedersen_param.h zkp_common.o
#  Implicit rule search has not been done.
#  Last modified 2022-08-11 12:59:24
#  File has been updated.
#  Successfully updated.
# variable set hash-table stats:
# Load=0/32=0%, Rehash=0, Collisions=0/0=0%
#  commands to execute (from `Makefile', line 43):
	@$(CC) $(App_C_Flags) -c $< -o $@
	@echo "CC   <=  $<"
	

# Not a target:
zkp_no_small_factors.h:
#  Implicit rule search has been done.
#  Last modified 2022-07-28 20:05:33
#  File has been updated.
#  Successfully updated.
# variable set hash-table stats:
# Load=0/32=0%, Rehash=0, Collisions=0/0=0%

# Not a target:
asymoff_presigning.h:
#  Implicit rule search has been done.
#  Last modified 2022-08-07 08:06:17
#  File has been updated.
#  Successfully updated.
# variable set hash-table stats:
# Load=0/32=0%, Rehash=0, Collisions=0/0=0%

# Not a target:
zkp_common.h:
#  Implicit rule search has been done.
#  Last modified 2022-08-09 12:22:28
#  File has been updated.
#  Successfully updated.
# variable set hash-table stats:
# Load=0/32=0%, Rehash=0, Collisions=0/0=0%

 
# Not a target:
common.c:
#  Implicit rule search has been done.
#  Last modified 2022-08-02 14:03:55
#  File has been updated.
#  Successfully updated.
# variable set hash-table stats:
# Load=0/32=0%, Rehash=0, Collisions=0/0=0%

zkp_el_gamal.o: zkp_el_gamal.c zkp_el_gamal.h zkp_common.o
#  Implicit rule search has not been done.
#  Last modified 2022-08-11 12:59:25
#  File has been updated.
#  Successfully updated.
# variable set hash-table stats:
# Load=0/32=0%, Rehash=0, Collisions=0/0=0%
#  commands to execute (from `Makefile', line 75):
	@$(CC) $(App_C_Flags) -c $< -o $@
	@echo "CC   <=  $<"
	

# Not a target:
zkp_group_vs_paillier_range.h:
#  Implicit rule search has not been done.
#  Modification time never checked.
#  File has not been updated.

zkp_schnorr.o: zkp_schnorr.c zkp_schnorr.h zkp_common.o
#  Implicit rule search has not been done.
#  Last modified 2022-08-11 12:59:24
#  File has been updated.
#  Successfully updated.
# variable set hash-table stats:
# Load=0/32=0%, Rehash=0, Collisions=0/0=0%
#  commands to execute (from `Makefile', line 47):
	@$(CC) $(App_C_Flags) -c $< -o $@
	@echo "CC   <=  $<"
	

algebraic_elements.o: algebraic_elements.c algebraic_elements.h
#  Implicit rule search has not been done.
#  Last modified 2022-08-11 12:59:21
#  File has been updated.
#  Successfully updated.
# variable set hash-table stats:
# Load=0/32=0%, Rehash=0, Collisions=0/0=0%
#  commands to execute (from `Makefile', line 23):
	@$(CC) $(App_C_Flags) -c $< -o $@
	@echo "CC   <=  $<"
	

# Not a target:
asymoff_signing_aggregate.c:
#  Implicit rule search has been done.
#  Last modified 2022-08-09 14:30:42
#  File has been updated.
#  Successfully updated.
# variable set hash-table stats:
# Load=0/32=0%, Rehash=0, Collisions=0/0=0%

# Not a target:
zkp_range_el_gamal_commitment.h:
#  Implicit rule search has been done.
#  Last modified 2022-08-04 08:33:30
#  File has been updated.
#  Successfully updated.
# variable set hash-table stats:
# Load=0/32=0%, Rehash=0, Collisions=0/0=0%

# Not a target:
paillier_cryptosystem.c:
#  Implicit rule search has been done.
#  Last modified 2022-08-04 06:31:30
#  File has been updated.
#  Successfully updated.
# variable set hash-table stats:
# Load=0/32=0%, Rehash=0, Collisions=0/0=0%

# Not a target:
.DEFAULT:
#  Implicit rule search has not been done.
#  Modification time never checked.
#  File has not been updated.

zkp_paillier_blum_modulus.o: zkp_paillier_blum_modulus.c zkp_paillier_blum_modulus.h zkp_common.o
#  Implicit rule search has not been done.
#  Last modified 2022-08-11 12:59:23
#  File has been updated.
#  Successfully updated.
# variable set hash-table stats:
# Load=0/32=0%, Rehash=0, Collisions=0/0=0%
#  commands to execute (from `Makefile', line 39):
	@$(CC) $(App_C_Flags) -c $< -o $@
	@echo "CC   <=  $<"
	

# Not a target:
common.h:
#  Implicit rule search has been done.
#  Last modified 2022-08-07 08:52:01
#  File has been updated.
#  Successfully updated.
# variable set hash-table stats:
# Load=0/32=0%, Rehash=0, Collisions=0/0=0%

# Not a target:
zkp_double_el_gamal.c:
#  Implicit rule search has been done.
#  Last modified 2022-08-07 07:33:33
#  File has been updated.
#  Successfully updated.
# variable set hash-table stats:
# Load=0/32=0%, Rehash=0, Collisions=0/0=0%

asymoff_signing_cmp.o: asymoff_signing_cmp.c asymoff_signing_cmp.h asymoff_protocol.o algebraic_elements.o paillier_cryptosystem.o ring_pedersen_parameters.o zkp_common.o zkp_paillier_blum_modulus.o zkp_ring_pedersen_param.o zkp_schnorr.o zkp_no_small_factors.o zkp_tight_range.o zkp_range_el_gamal_commitment.o zkp_el_gamal.o zkp_el_gamal_dlog.o zkp_double_el_gamal.o zkp_operation_group_commitment_range.o zkp_well_formed_signature.o
#  Implicit rule search has not been done.
#  Last modified 2022-08-11 12:59:28
#  File has been updated.
#  Successfully updated.
# variable set hash-table stats:
# Load=0/32=0%, Rehash=0, Collisions=0/0=0%
 
#  commands to execute (from `Makefile', line 108):
	@$(CC) $(App_C_Flags) -c $< -o $@ -Wno-unused-parameter
	@echo "CC   <=  $<"
	

asymoff_lightweight_presigning.o: asymoff_lightweight_presigning.c asymoff_lightweight_presigning.h asymoff_protocol.o algebraic_elements.o paillier_cryptosystem.o ring_pedersen_parameters.o zkp_common.o zkp_paillier_blum_modulus.o zkp_ring_pedersen_param.o zkp_schnorr.o zkp_no_small_factors.o zkp_tight_range.o zkp_range_el_gamal_commitment.o zkp_el_gamal.o zkp_el_gamal_dlog.o zkp_double_el_gamal.o zkp_operation_group_commitment_range.o zkp_well_formed_signature.o
#  Implicit rule search has not been done.
#  Last modified 2022-08-11 12:59:27
#  File has been updated.
#  Successfully updated.
# variable set hash-table stats:
# Load=0/32=0%, Rehash=0, Collisions=0/0=0%
#  commands to execute (from `Makefile', line 104):
	@$(CC) $(App_C_Flags) -c $< -o $@
	@echo "CC   <=  $<"
	

clean:
#  Implicit rule search has not been done.
#  Modification time never checked.
#  File has not been updated.
#  commands to execute (from `Makefile', line 122):
	@rm -rf $(Bench_Name) *.o tests
	

# Not a target:
cmp_protocol.c:
#  Implicit rule search has not been done.
#  Modification time never checked.
#  File has not been updated.

# Not a target:
zkp_encryption_in_range.c:
#  Implicit rule search has not been done.
#  Modification time never checked.
#  File has not been updated.

# Not a target:
benchmark.c:
#  Implicit rule search has been done.
#  Last modified 2022-08-11 11:37:51
#  File has been updated.
#  Successfully updated.
# variable set hash-table stats:
# Load=0/32=0%, Rehash=0, Collisions=0/0=0%

# Not a target:
paillier_cryptosystem.h:
#  Implicit rule search has been done.
#  Last modified 2022-08-04 06:28:55
#  File has been updated.
#  Successfully updated.
# variable set hash-table stats:
# Load=0/32=0%, Rehash=0, Collisions=0/0=0%

# Not a target:
primitives:
#  Implicit rule search has not been done.
#  Modification time never checked.
#  File has not been updated.

# Not a target:
zkp_operation_group_commitment_range.c:
#  Implicit rule search has been done.
#  Last modified 2022-08-04 10:20:59
#  File has been updated.
#  Successfully updated.
# variable set hash-table stats:
# Load=0/32=0%, Rehash=0, Collisions=0/0=0%

# Not a target:
zkp_double_el_gamal.h:
#  Implicit rule search has been done.
#  Last modified 2022-08-07 07:26:17
#  File has been updated.
#  Successfully updated.
# variable set hash-table stats:
# Load=0/32=0%, Rehash=0, Collisions=0/0=0%

zkp_tight_range.o: zkp_tight_range.c zkp_tight_range.h zkp_common.o
#  Implicit rule search has not been done.
#  Last modified 2022-08-11 12:59:24
#  File has been updated.
#  Successfully updated.
# variable set hash-table stats:
# Load=0/32=0%, Rehash=0, Collisions=0/0=0%
#  commands to execute (from `Makefile', line 59):
	@$(CC) $(App_C_Flags) -c $< -o $@
	@echo "CC   <=  $<"
	

# Not a target:
 
zkp_ring_pedersen_param.c:
#  Implicit rule search has been done.
#  Last modified 2022-08-04 06:33:38
#  File has been updated.
#  Successfully updated.
# variable set hash-table stats:
# Load=0/32=0%, Rehash=0, Collisions=0/0=0%

asymoff_protocol.o: asymoff_protocol.c asymoff_protocol.h algebraic_elements.o paillier_cryptosystem.o ring_pedersen_parameters.o zkp_common.o zkp_paillier_blum_modulus.o zkp_ring_pedersen_param.o zkp_schnorr.o zkp_no_small_factors.o zkp_tight_range.o zkp_range_el_gamal_commitment.o zkp_el_gamal.o zkp_el_gamal_dlog.o zkp_double_el_gamal.o zkp_operation_group_commitment_range.o zkp_well_formed_signature.o
#  Implicit rule search has not been done.
#  Last modified 2022-08-11 12:59:26
#  File has been updated.
#  Successfully updated.
# variable set hash-table stats:
# Load=0/32=0%, Rehash=0, Collisions=0/0=0%
#  commands to execute (from `Makefile', line 92):
	@$(CC) $(App_C_Flags) -c $< -o $@
	@echo "CC   <=  $<"
	

# Not a target:
zkp_el_gamal.c:
#  Implicit rule search has been done.
#  Last modified 2022-08-07 09:00:56
#  File has been updated.
#  Successfully updated.
# variable set hash-table stats:
# Load=0/32=0%, Rehash=0, Collisions=0/0=0%

# Not a target:
asymoff_key_generation.h:
#  Implicit rule search has been done.
#  Last modified 2022-08-07 07:26:17
#  File has been updated.
#  Successfully updated.
# variable set hash-table stats:
# Load=0/32=0%, Rehash=0, Collisions=0/0=0%

zkp_el_gamal_dlog.o: zkp_el_gamal_dlog.c zkp_el_gamal_dlog.h zkp_common.o
#  Implicit rule search has not been done.
#  Last modified 2022-08-11 12:59:25
#  File has been updated.
#  Successfully updated.
# variable set hash-table stats:
# Load=0/32=0%, Rehash=0, Collisions=0/0=0%
#  commands to execute (from `Makefile', line 79):
	@$(CC) $(App_C_Flags) -c $< -o $@
	@echo "CC   <=  $<"
	

# Not a target:
cmp_protocol.h:
#  Implicit rule search has not been done.
#  Modification time never checked.
#  File has not been updated.

ring_pedersen_parameters.o: ring_pedersen_parameters.c ring_pedersen_parameters.h paillier_cryptosystem.o algebraic_elements.o
#  Implicit rule search has not been done.
#  Last modified 2022-08-11 12:59:23
#  File has been updated.
#  Successfully updated.
# variable set hash-table stats:
# Load=0/32=0%, Rehash=0, Collisions=0/0=0%
#  commands to execute (from `Makefile', line 31):
	@$(CC) $(App_C_Flags) -c $< -o $@
	@echo "CC   <=  $<"
	

# Not a target:
zkp_encryption_in_range.h:
#  Implicit rule search has not been done.
#  Modification time never checked.
#  File has not been updated.

# Not a target:
algebraic_elements.c:
#  Implicit rule search has been done.
#  Last modified 2022-08-07 04:48:44
#  File has been updated.
#  Successfully updated.
# variable set hash-table stats:
# Load=0/32=0%, Rehash=0, Collisions=0/0=0%

# Not a target:
zkp_operation_group_commitment_range.h:
#  Implicit rule search has been done.
#  Last modified 2022-08-04 08:39:29
#  File has been updated.
#  Successfully updated.
# variable set hash-table stats:
# Load=0/32=0%, Rehash=0, Collisions=0/0=0%

zkp_well_formed_signature.o: zkp_well_formed_signature.c zkp_well_formed_signature.h zkp_common.o
#  Implicit rule search has not been done.
#  Last modified 2022-08-11 12:59:25
#  File has been updated.
#  Successfully updated.
# variable set hash-table stats:
# Load=0/32=0%, Rehash=0, Collisions=0/0=0%
#  commands to execute (from `Makefile', line 87):
	@$(CC) $(App_C_Flags) -c $< -o $@
	@echo "CC   <=  $<"
	

asymoff_signing_aggregate.o: asymoff_signing_aggregate.c asymoff_signing_aggregate.h asymoff_protocol.o algebraic_elements.o paillier_cryptosystem.o ring_pedersen_parameters.o zkp_common.o zkp_paillier_blum_modulus.o zkp_ring_pedersen_param.o zkp_schnorr.o zkp_no_small_factors.o zkp_tight_range.o zkp_range_el_gamal_commitment.o zkp_el_gamal.o zkp_el_gamal_dlog.o zkp_double_el_gamal.o zkp_operation_group_commitment_range.o zkp_well_formed_signature.o
#  Implicit rule search has not been done.
#  Last modified 2022-08-11 12:59:28
#  File has been updated.
#  Successfully updated.
# variable set hash-table stats:
# Load=0/32=0%, Rehash=0, Collisions=0/0=0%
#  commands to execute (from `Makefile', line 112):
	@$(CC) $(App_C_Flags) -c $< -o $@ -Wno-unused-parameter
	@echo "CC   <=  $<"
	

# Not a target:
zkp_ring_pedersen_param.h:
#  Implicit rule search has been done.
#  Last modified 2022-07-28 20:02:33
#  File has been updated.
#  Successfully updated.
# variable set hash-table stats:
# Load=0/32=0%, Rehash=0, Collisions=0/0=0%

zkp_no_small_factors.o: zkp_no_small_factors.c zkp_no_small_factors.h zkp_common.o
#  Implicit rule search has not been done.
#  Last modified 2022-08-11 12:59:24
#  File has been updated.
#  Successfully updated.
# variable set hash-table stats:
# Load=0/32=0%, Rehash=0, Collisions=0/0=0%
#  commands to execute (from `Makefile', line 55):
	@$(CC) $(App_C_Flags) -c $< -o $@
	@echo "CC   <=  $<"
	

asymoff_presigning.o: asymoff_presigning.c asymoff_presigning.h asymoff_protocol.o algebraic_elements.o paillier_cryptosystem.o ring_pedersen_parameters.o zkp_common.o zkp_paillier_blum_modulus.o zkp_ring_pedersen_param.o zkp_schnorr.o zkp_no_small_factors.o zkp_tight_range.o zkp_range_el_gamal_commitment.o zkp_el_gamal.o zkp_el_gamal_dlog.o zkp_double_el_gamal.o zkp_operation_group_commitment_range.o zkp_well_formed_signature.o
#  Implicit rule search has not been done.
#  Last modified 2022-08-11 12:59:27
#  File has been updated.
#  Successfully updated.
# variable set hash-table stats:
# Load=0/32=0%, Rehash=0, Collisions=0/0=0%
#  commands to execute (from `Makefile', line 100):
	@$(CC) $(App_C_Flags) -c $< -o $@
	@echo "CC   <=  $<"
	

# Not a target:
zkp_paillier_blum_modulus.c:
#  Implicit rule search has been done.
#  Last modified 2022-08-02 15:13:05
#  File has been updated.
 
#  Successfully updated.
# variable set hash-table stats:
# Load=0/32=0%, Rehash=0, Collisions=0/0=0%

zkp_common.o: zkp_common.c zkp_common.h algebraic_elements.o paillier_cryptosystem.o ring_pedersen_parameters.o
#  Implicit rule search has not been done.
#  Last modified 2022-08-11 12:59:23
#  File has been updated.
#  Successfully updated.
# variable set hash-table stats:
# Load=0/32=0%, Rehash=0, Collisions=0/0=0%
#  commands to execute (from `Makefile', line 35):
	@$(CC) $(App_C_Flags) -c $< -o $@
	@echo "CC   <=  $<"
	

# Not a target:
zkp_el_gamal.h:
#  Implicit rule search has been done.
#  Last modified 2022-08-07 07:26:17
#  File has been updated.
#  Successfully updated.
# variable set hash-table stats:
# Load=0/32=0%, Rehash=0, Collisions=0/0=0%

# Not a target:
zkp_schnorr.h:
#  Implicit rule search has been done.
#  Last modified 2022-08-07 07:26:17
#  File has been updated.
#  Successfully updated.
# variable set hash-table stats:
# Load=0/32=0%, Rehash=0, Collisions=0/0=0%

zkp_group_vs_paillier_range.o: zkp_group_vs_paillier_range.c zkp_group_vs_paillier_range.h zkp_common.o
#  Implicit rule search has not been done.
#  Modification time never checked.
#  File has not been updated.
#  commands to execute (from `Makefile', line 63):
	@$(CC) $(App_C_Flags) -c $< -o $@
	@echo "CC   <=  $<"
	

# Not a target:
asymoff_key_generation.c:
#  Implicit rule search has been done.
#  Last modified 2022-08-07 07:26:17
#  File has been updated.
#  Successfully updated.
# variable set hash-table stats:
# Load=0/32=0%, Rehash=0, Collisions=0/0=0%

# Not a target:
asymoff_signing_cmp.c:
#  Implicit rule search has been done.
#  Last modified 2022-08-07 07:33:33
#  File has been updated.
#  Successfully updated.
# variable set hash-table stats:
# Load=0/32=0%, Rehash=0, Collisions=0/0=0%

# files hash-table stats:
# Load=85/1024=8%, Rehash=0, Collisions=9/292=3%
# VPATH Search Paths

# No `vpath' search paths.

# No general (`VPATH' variable) search path.

# # of strings in strcache: 1
# # of strcache buffers: 1
# strcache size: total = 4096 / max = 4096 / min = 4096 / avg = 4096
# strcache free: total = 4087 / max = 4087 / min = 4087 / avg = 4087

# Finished Make data base on Thu Aug 11 12:59:48 2022

 
